<?xml version="1.0" encoding="UTF-8"?>
<!-- Generated by org.testng.reporters.JUnitReportReporter -->
<testsuite hostname="LAPTOP-SHILPA" failures="0" tests="1" name="testNGlearn.LoginPageTest" time="0.000" errors="0" timestamp="2022-07-16T10:33:06 EDT" skipped="0">
  <testcase classname="testNGlearn.LoginPageTest" name="verifyLogInValidations" time="0.000"/>
  <system-out/>
</testsuite> <!-- testNGlearn.LoginPageTest -->
