<?xml version="1.0" encoding="UTF-8"?>
<!-- Generated by org.testng.reporters.JUnitReportReporter -->
<testsuite hostname="LAPTOP-SHILPA" failures="0" tests="1" name="testNGlearn.Test_NG_MixedMthod" time="0.001" errors="0" timestamp="2022-07-15T20:17:43 EDT" skipped="0">
  <testcase classname="testNGlearn.Test_NG_MixedMthod" name="f" time="0.001"/>
  <system-out/>
</testsuite> <!-- testNGlearn.Test_NG_MixedMthod -->
