<?xml version="1.0" encoding="UTF-8"?>
<!-- Generated by org.testng.reporters.JUnitReportReporter -->
<testsuite hostname="LAPTOP-SHILPA" failures="0" tests="6" name="testNGPractice.TestNG_Priority" time="20.296" errors="0" timestamp="2022-07-16T19:37:13 EDT" skipped="0">
  <testcase classname="testNGPractice.TestNG_Priority" name="googleTitleTest" time="3.130"/>
  <system-out/>
  <testcase classname="testNGPractice.TestNG_Priority" name="mailLinkTest" time="3.230"/>
  <system-out/>
  <testcase classname="testNGPractice.TestNG_Priority" name="googleLogoTest" time="4.264"/>
  <system-out/>
  <testcase classname="testNGPractice.TestNG_Priority" name="test1" time="2.661"/>
  <system-out/>
  <testcase classname="testNGPractice.TestNG_Priority" name="test2" time="4.341"/>
  <system-out/>
  <testcase classname="testNGPractice.TestNG_Priority" name="test3" time="2.670"/>
  <system-out/>
</testsuite> <!-- testNGPractice.TestNG_Priority -->
