<?xml version="1.0" encoding="UTF-8"?>
<!-- Generated by org.testng.reporters.JUnitReportReporter -->
<testsuite hostname="LAPTOP-SHILPA" failures="0" tests="1" name="testNGlearn.RegisterPageTest" time="0.001" errors="0" timestamp="2022-07-16T10:33:06 EDT" skipped="0">
  <testcase classname="testNGlearn.RegisterPageTest" name="verifyRegisterPageValidations" time="0.001"/>
  <system-out/>
</testsuite> <!-- testNGlearn.RegisterPageTest -->
