<?xml version="1.0" encoding="UTF-8"?>
<!-- Generated by org.testng.reporters.JUnitReportReporter -->
<testsuite hostname="LAPTOP-SHILPA" failures="0" tests="2" name="testNGlearn.Test_NG_1" time="0.005" errors="0" timestamp="2022-07-15T20:17:43 EDT" skipped="0">
  <testcase classname="testNGlearn.Test_NG_1" name="f1" time="0.000"/>
  <system-out/>
  <testcase classname="testNGlearn.Test_NG_1" name="f" time="0.005"/>
  <system-out/>
</testsuite> <!-- testNGlearn.Test_NG_1 -->
