<?xml version="1.0" encoding="UTF-8"?>
<!-- Generated by org.testng.reporters.JUnitReportReporter -->
<testsuite hostname="LAPTOP-SHILPA" failures="0" tests="1" name="pageObjectModel.RegistrationTest" time="9.781" errors="0" timestamp="2022-08-14T11:42:47 EDT" skipped="0">
  <testcase classname="pageObjectModel.RegistrationTest" name="verifyFlightReg" time="9.781"/>
  <system-out/>
</testsuite> <!-- pageObjectModel.RegistrationTest -->
