<?xml version="1.0" encoding="UTF-8"?>
<!-- Generated by org.testng.reporters.JUnitReportReporter -->
<testsuite hostname="LAPTOP-SHILPA" failures="0" tests="2" name="testNGPractice.TestNG_Basics" time="0.003" errors="0" timestamp="2022-07-15T20:17:43 EDT" skipped="0">
  <testcase classname="testNGPractice.TestNG_Basics" name="googleTitleTest" time="0.001"/>
  <system-out/>
  <testcase classname="testNGPractice.TestNG_Basics" name="searchTest" time="0.002"/>
  <system-out/>
</testsuite> <!-- testNGPractice.TestNG_Basics -->
