<?xml version="1.0" encoding="UTF-8"?>
<!-- Generated by org.testng.reporters.JUnitReportReporter -->
<testsuite hostname="LAPTOP-SHILPA" failures="0" tests="2" name="testNGPractice.TestNG_Features_Dependenci" time="0.002" errors="0" timestamp="2022-07-17T02:14:15 EDT" skipped="0">
  <testcase classname="testNGPractice.TestNG_Features_Dependenci" name="homePageTest" time="0.001"/>
  <system-out/>
  <testcase classname="testNGPractice.TestNG_Features_Dependenci" name="loginTest" time="0.001"/>
  <system-out/>
</testsuite> <!-- testNGPractice.TestNG_Features_Dependenci -->
