<?xml version="1.0" encoding="UTF-8"?>
<!-- Generated by org.testng.reporters.JUnitReportReporter -->
<testsuite hostname="LAPTOP-SHILPA" failures="0" tests="3" name="testNGPractice.GoogleTest" time="12.521" errors="0" timestamp="2022-08-14T10:58:26 EDT" skipped="0">
  <testcase classname="testNGPractice.GoogleTest" name="googleLogoTest" time="2.621"/>
  <system-out/>
  <testcase classname="testNGPractice.GoogleTest" name="mailLinkTest" time="7.026"/>
  <system-out/>
  <testcase classname="testNGPractice.GoogleTest" name="googleTitleTest" time="2.874"/>
  <system-out/>
</testsuite> <!-- testNGPractice.GoogleTest -->
