<?xml version="1.0" encoding="UTF-8"?>
<!-- Generated by org.testng.reporters.JUnitReportReporter -->
<testsuite hostname="LAPTOP-SHILPA" failures="0" tests="6" name="testNGPractice.TestNG_Priority_Groups" time="20.687" errors="0" timestamp="2022-07-17T02:14:15 EDT" skipped="0">
  <testcase classname="testNGPractice.TestNG_Priority_Groups" name="googleTitleTest" time="3.310"/>
  <system-out/>
  <testcase classname="testNGPractice.TestNG_Priority_Groups" name="mailLinkTest" time="3.594"/>
  <system-out/>
  <testcase classname="testNGPractice.TestNG_Priority_Groups" name="googleLogoTest" time="3.601"/>
  <system-out/>
  <testcase classname="testNGPractice.TestNG_Priority_Groups" name="test1" time="3.554"/>
  <system-out/>
  <testcase classname="testNGPractice.TestNG_Priority_Groups" name="test2" time="3.217"/>
  <system-out/>
  <testcase classname="testNGPractice.TestNG_Priority_Groups" name="test3" time="3.411"/>
  <system-out/>
</testsuite> <!-- testNGPractice.TestNG_Priority_Groups -->
