<?xml version="1.0" encoding="UTF-8"?>
<!-- Generated by org.testng.reporters.JUnitReportReporter -->
<testsuite hostname="LAPTOP-SHILPA" failures="0" tests="1" name="listeners.LoginTest" time="0.009" errors="0" timestamp="2022-08-15T01:34:44 EDT" skipped="0">
  <testcase classname="listeners.LoginTest" name="loginByEmail" time="0.009"/>
  <system-out/>
</testsuite> <!-- listeners.LoginTest -->
