<?xml version="1.0" encoding="UTF-8"?>
<!-- Generated by org.testng.reporters.JUnitReportReporter -->
<testsuite hostname="LAPTOP-SHILPA" failures="0" tests="2" name="testNGlearn.Test_NG" time="0.008" errors="0" timestamp="2022-07-13T19:24:09 EDT" skipped="0">
  <testcase classname="testNGlearn.Test_NG" name="f1" time="0.001"/>
  <system-out/>
  <testcase classname="testNGlearn.Test_NG" name="f" time="0.007"/>
  <system-out/>
</testsuite> <!-- testNGlearn.Test_NG -->
