<?xml version="1.0" encoding="UTF-8"?>
<!-- Generated by org.testng.reporters.JUnitReportReporter -->
<testsuite hostname="LAPTOP-SHILPA" failures="0" tests="3" name="testNGlearn.Group_LoginPageTest" time="0.004" errors="0" timestamp="2022-07-16T19:21:18 EDT" skipped="0">
  <testcase classname="testNGlearn.Group_LoginPageTest" name="verifyLogInValidations" time="0.001"/>
  <system-out/>
  <testcase classname="testNGlearn.Group_LoginPageTest" name="f" time="0.002"/>
  <system-out/>
  <testcase classname="testNGlearn.Group_LoginPageTest" name="verifyLogInLables" time="0.001"/>
  <system-out/>
</testsuite> <!-- testNGlearn.Group_LoginPageTest -->
