<?xml version="1.0" encoding="UTF-8"?>
<!-- Generated by org.testng.reporters.JUnitReportReporter -->
<testsuite hostname="LAPTOP-SHILPA" failures="0" tests="2" name="testNGPractice.TestNG_Basics_Annotations" time="0.004" errors="0" timestamp="2022-07-17T02:14:15 EDT" skipped="0">
  <testcase classname="testNGPractice.TestNG_Basics_Annotations" name="googleTitleTest" time="0.002"/>
  <system-out/>
  <testcase classname="testNGPractice.TestNG_Basics_Annotations" name="searchTest" time="0.002"/>
  <system-out/>
</testsuite> <!-- testNGPractice.TestNG_Basics_Annotations -->
