<?xml version="1.0" encoding="UTF-8"?>
<!-- Generated by org.testng.reporters.JUnitReportReporter -->
<testsuite hostname="LAPTOP-SHILPA" failures="0" tests="8" name="testNGlearn.Depndency_TestNGTest" time="0.006" errors="0" timestamp="2022-07-16T19:21:18 EDT" skipped="0">
  <testcase classname="testNGlearn.Depndency_TestNGTest" name="verifyRegisterPageLables" time="0.000"/>
  <system-out/>
  <testcase classname="testNGlearn.Depndency_TestNGTest" name="verifyLinks" time="0.001"/>
  <system-out>
    <![CDATA[TC1 of link pass]]>
  </system-out>
  <testcase classname="testNGlearn.Depndency_TestNGTest" name="f" time="0.001"/>
  <system-out/>
  <testcase classname="testNGlearn.Depndency_TestNGTest" name="verifyPositiveRegisterActCreation" time="0.001"/>
  <system-out/>
  <testcase classname="testNGlearn.Depndency_TestNGTest" name="verifyHeader" time="0.001"/>
  <system-out/>
  <testcase classname="testNGlearn.Depndency_TestNGTest" name="verifyRegisterPageValidations" time="0.001"/>
  <system-out/>
  <testcase classname="testNGlearn.Depndency_TestNGTest" name="verifyDropDownFields" time="0.001"/>
  <system-out/>
  <testcase classname="testNGlearn.Depndency_TestNGTest" name="verifyInfotext" time="0.000"/>
  <system-out/>
</testsuite> <!-- testNGlearn.Depndency_TestNGTest -->
