<?xml version="1.0" encoding="UTF-8"?>
<!-- Generated by org.testng.reporters.JUnitReportReporter -->
<testsuite hostname="LAPTOP-SHILPA" failures="0" tests="3" name="testNGPractice.TestNG_Asserts" time="9.639" errors="0" timestamp="2022-07-21T14:45:11 EDT" skipped="0">
  <testcase classname="testNGPractice.TestNG_Asserts" name="googleTitleTest" time="2.489"/>
  <system-out/>
  <testcase classname="testNGPractice.TestNG_Asserts" name="googleLogoTest" time="2.891"/>
  <system-out/>
  <testcase classname="testNGPractice.TestNG_Asserts" name="mailLinkTest" time="4.259"/>
  <system-out/>
</testsuite> <!-- testNGPractice.TestNG_Asserts -->
