<?xml version="1.0" encoding="UTF-8"?>
<!-- Generated by org.testng.reporters.JUnitReportReporter -->
<testsuite hostname="LAPTOP-SHILPA" failures="0" tests="5" name="testNGPractice.TestNG_InvocationCount" time="0.005" errors="0" timestamp="2022-07-17T02:14:15 EDT" skipped="0">
  <testcase classname="testNGPractice.TestNG_InvocationCount" name="sum" time="0.001"/>
  <system-out>
    <![CDATA[repeated test case]]>
  </system-out>
  <testcase classname="testNGPractice.TestNG_InvocationCount" name="sum" time="0.001"/>
  <system-out>
    <![CDATA[repeated test case]]>
  </system-out>
  <testcase classname="testNGPractice.TestNG_InvocationCount" name="sum" time="0.001"/>
  <system-out>
    <![CDATA[repeated test case]]>
  </system-out>
  <testcase classname="testNGPractice.TestNG_InvocationCount" name="sum" time="0.001"/>
  <system-out>
    <![CDATA[repeated test case]]>
  </system-out>
  <testcase classname="testNGPractice.TestNG_InvocationCount" name="sum" time="0.001"/>
  <system-out>
    <![CDATA[repeated test case]]>
  </system-out>
</testsuite> <!-- testNGPractice.TestNG_InvocationCount -->
