<?xml version="1.0" encoding="UTF-8"?>
<!-- Generated by org.testng.reporters.JUnitReportReporter -->
<testsuite hostname="LAPTOP-SHILPA" failures="0" tests="1" name="testNGlearn.Group_HomePageTest" time="0.004" errors="0" timestamp="2022-07-16T19:21:18 EDT" skipped="0">
  <testcase classname="testNGlearn.Group_HomePageTest" name="f" time="0.004"/>
  <system-out/>
</testsuite> <!-- testNGlearn.Group_HomePageTest -->
