<?xml version="1.0" encoding="UTF-8"?>
<!-- Generated by org.testng.reporters.JUnitReportReporter -->
<testsuite hostname="LAPTOP-SHILPA" failures="0" tests="1" name="extentReports.demoExtentReport" time="0.345" errors="0" timestamp="2022-08-16T16:41:09 EDT" skipped="0">
  <testcase classname="extentReports.demoExtentReport" name="logintest" time="0.345"/>
  <system-out/>
</testsuite> <!-- extentReports.demoExtentReport -->
